<?xml version="1.0" encoding="UTF-8"?>
<!-- Generated by org.testng.reporters.JUnitReportReporter -->
<testsuite hostname="DESKTOP-S0KBMBA" failures="0" tests="1" name="service.Service" time="0.016" errors="0" timestamp="02 Feb 2021 20:37:52 GMT" skipped="0">
  <testcase classname="service.Service" name="logToPF" time="0.016"/>
</testsuite> <!-- service.Service -->
